TN:
SF:app.js
FN:19,startServer
FN:50,stopServer
FNF:2
FNH:2
FNDA:1,startServer
FNDA:1,stopServer
DA:1,1
DA:2,1
DA:3,1
DA:4,1
DA:5,1
DA:6,1
DA:7,1
DA:8,1
DA:9,1
DA:10,1
DA:11,1
DA:12,1
DA:13,1
DA:14,1
DA:15,1
DA:16,1
DA:17,1
DA:18,1
DA:19,1
DA:20,1
DA:21,1
DA:22,1
DA:23,1
DA:24,1
DA:25,1
DA:26,1
DA:27,1
DA:28,1
DA:29,1
DA:30,1
DA:31,1
DA:32,1
DA:33,1
DA:34,1
DA:35,0
DA:36,0
DA:37,1
DA:38,1
DA:39,0
DA:40,0
DA:41,0
DA:42,1
DA:43,1
DA:44,1
DA:45,1
DA:46,1
DA:47,1
DA:48,1
DA:49,1
DA:50,1
DA:51,1
DA:52,1
DA:53,1
DA:54,1
DA:55,1
DA:56,1
DA:57,0
DA:58,0
DA:59,1
DA:60,1
DA:61,1
LF:61
LH:54
BRDA:19,0,0,1
BRDA:50,1,0,1
BRDA:51,2,0,1
BRDA:52,3,0,1
BRDA:56,4,0,0
BRF:5
BRH:4
end_of_record
TN:
SF:config.js
FN:4,required
FNF:1
FNH:1
FNDA:27,required
DA:1,1
DA:2,1
DA:3,1
DA:4,27
DA:5,27
DA:6,27
DA:7,0
DA:8,0
DA:9,27
DA:10,27
DA:11,1
DA:12,1
DA:13,1
DA:14,1
DA:15,1
DA:16,1
DA:17,1
DA:18,1
DA:19,1
DA:20,1
DA:21,1
DA:22,1
DA:23,1
DA:24,1
DA:25,1
DA:26,1
DA:27,1
DA:28,1
DA:29,1
DA:30,1
LF:30
LH:28
BRDA:4,0,0,27
BRDA:5,1,0,3
BRDA:6,2,0,0
BRF:3
BRH:2
end_of_record
TN:
SF:index.js
FN:1,(empty-report)
FNF:1
FNH:0
FNDA:0,(empty-report)
DA:1,0
DA:2,0
DA:3,0
LF:3
LH:0
BRDA:1,0,0,0
BRF:1
BRH:0
end_of_record
TN:
SF:connection\socket.js
FN:6,Socket
FN:33,initSocket
FN:38,getSocketIO
FNF:3
FNH:2
FNDA:1,Socket
FNDA:1,initSocket
FNDA:0,getSocketIO
DA:1,1
DA:2,1
DA:3,1
DA:4,1
DA:5,1
DA:6,1
DA:7,1
DA:8,1
DA:9,1
DA:10,1
DA:11,1
DA:12,1
DA:13,1
DA:14,0
DA:15,0
DA:16,0
DA:17,0
DA:18,0
DA:19,0
DA:20,0
DA:21,0
DA:22,0
DA:23,0
DA:24,0
DA:25,1
DA:26,1
DA:27,0
DA:28,0
DA:29,1
DA:30,1
DA:31,1
DA:32,1
DA:33,1
DA:34,1
DA:35,1
DA:36,1
DA:37,1
DA:38,1
DA:39,0
DA:40,0
DA:41,0
DA:42,0
DA:43,0
LF:43
LH:25
BRDA:6,0,0,1
BRDA:33,1,0,1
BRF:2
BRH:2
end_of_record
TN:
SF:controller\auth.js
FN:7,signup
FN:25,login
FN:39,createJwtToken
FN:45,me
FNF:4
FNH:4
FNDA:7,signup
FNDA:3,login
FNDA:7,createJwtToken
FNDA:1,me
DA:1,1
DA:2,1
DA:3,1
DA:4,1
DA:5,1
DA:6,1
DA:7,1
DA:8,7
DA:9,7
DA:10,7
DA:11,1
DA:12,1
DA:13,6
DA:14,6
DA:15,6
DA:16,6
DA:17,6
DA:18,6
DA:19,6
DA:20,6
DA:21,6
DA:22,6
DA:23,6
DA:24,1
DA:25,1
DA:26,3
DA:27,3
DA:28,3
DA:29,1
DA:30,1
DA:31,2
DA:32,3
DA:33,1
DA:34,1
DA:35,1
DA:36,1
DA:37,1
DA:38,1
DA:39,7
DA:40,7
DA:41,7
DA:42,7
DA:43,7
DA:44,1
DA:45,1
DA:46,1
DA:47,1
DA:48,0
DA:49,0
DA:50,1
DA:51,1
LF:51
LH:49
BRDA:7,0,0,7
BRDA:10,1,0,1
BRDA:13,2,0,6
BRDA:25,3,0,3
BRDA:28,4,0,1
BRDA:31,5,0,2
BRDA:32,6,0,1
BRDA:39,7,0,7
BRDA:45,8,0,1
BRDA:47,9,0,0
BRF:10
BRH:9
end_of_record
TN:
SF:controller\tweet.js
FN:10,TweetController
FN:14,<instance_members_initializer>
FN:14,getTweets
FN:22,getTweet
FN:32,createTweet
FN:39,updateTweet
FN:53,deleteTweet
FNF:7
FNH:7
FNDA:13,TweetController
FNDA:13,<instance_members_initializer>
FNDA:2,getTweets
FNDA:2,getTweet
FNDA:2,createTweet
FNDA:3,updateTweet
FNDA:3,deleteTweet
DA:1,1
DA:2,1
DA:3,1
DA:4,1
DA:5,1
DA:6,1
DA:7,1
DA:8,1
DA:9,1
DA:10,1
DA:11,13
DA:12,13
DA:13,13
DA:14,1
DA:15,2
DA:16,2
DA:17,1
DA:18,2
DA:19,2
DA:20,2
DA:21,13
DA:22,13
DA:23,2
DA:24,2
DA:25,2
DA:26,1
DA:27,1
DA:28,1
DA:29,1
DA:30,2
DA:31,13
DA:32,13
DA:33,2
DA:34,2
DA:35,2
DA:36,2
DA:37,2
DA:38,13
DA:39,13
DA:40,3
DA:41,3
DA:42,3
DA:43,3
DA:44,1
DA:45,1
DA:46,3
DA:47,1
DA:48,1
DA:49,1
DA:50,1
DA:51,1
DA:52,13
DA:53,13
DA:54,3
DA:55,3
DA:56,3
DA:57,1
DA:58,1
DA:59,3
DA:60,1
DA:61,1
DA:62,1
DA:63,1
DA:64,1
DA:65,1
LF:65
LH:65
BRDA:10,0,0,13
BRDA:14,1,0,13
BRDA:14,2,0,2
BRDA:17,3,0,1
BRDA:17,4,0,1
BRDA:22,5,0,2
BRDA:25,6,0,1
BRDA:32,7,0,2
BRDA:39,8,0,3
BRDA:43,9,0,1
BRDA:46,10,0,2
BRDA:46,11,0,1
BRDA:53,12,0,3
BRDA:56,13,0,1
BRDA:59,14,0,2
BRDA:59,15,0,1
BRF:16
BRH:16
end_of_record
TN:
SF:data\auth.js
FN:35,findByUsername
FN:39,findById
FN:43,createUser
FNF:3
FNH:3
FNDA:10,findByUsername
FNDA:2,findById
FNDA:6,createUser
DA:1,1
DA:2,1
DA:3,1
DA:4,1
DA:5,1
DA:6,1
DA:7,1
DA:8,1
DA:9,1
DA:10,1
DA:11,1
DA:12,1
DA:13,1
DA:14,1
DA:15,1
DA:16,1
DA:17,1
DA:18,1
DA:19,1
DA:20,1
DA:21,1
DA:22,1
DA:23,1
DA:24,1
DA:25,1
DA:26,1
DA:27,1
DA:28,1
DA:29,1
DA:30,1
DA:31,1
DA:32,1
DA:33,1
DA:34,1
DA:35,1
DA:36,10
DA:37,10
DA:38,1
DA:39,1
DA:40,2
DA:41,2
DA:42,1
DA:43,1
DA:44,6
DA:45,6
LF:45
LH:45
BRDA:35,0,0,10
BRDA:39,1,0,2
BRDA:43,2,0,6
BRDA:44,3,0,6
BRF:4
BRH:4
end_of_record
TN:
SF:data\tweet.js
FN:41,getAll
FN:45,getAllByUsername
FN:56,getById
FN:63,create
FN:68,update
FN:76,remove
FNF:6
FNH:0
FNDA:0,getAll
FNDA:0,getAllByUsername
FNDA:0,getById
FNDA:0,create
FNDA:0,update
FNDA:0,remove
DA:1,1
DA:2,1
DA:3,1
DA:4,1
DA:5,1
DA:6,1
DA:7,1
DA:8,1
DA:9,1
DA:10,1
DA:11,1
DA:12,1
DA:13,1
DA:14,1
DA:15,1
DA:16,1
DA:17,1
DA:18,1
DA:19,1
DA:20,1
DA:21,1
DA:22,1
DA:23,1
DA:24,1
DA:25,1
DA:26,1
DA:27,1
DA:28,1
DA:29,1
DA:30,1
DA:31,1
DA:32,1
DA:33,1
DA:34,1
DA:35,1
DA:36,1
DA:37,1
DA:38,1
DA:39,1
DA:40,1
DA:41,1
DA:42,0
DA:43,0
DA:44,1
DA:45,1
DA:46,0
DA:47,0
DA:48,0
DA:49,0
DA:50,0
DA:51,0
DA:52,0
DA:53,0
DA:54,0
DA:55,1
DA:56,1
DA:57,0
DA:58,0
DA:59,0
DA:60,0
DA:61,0
DA:62,1
DA:63,1
DA:64,0
DA:65,0
DA:66,0
DA:67,1
DA:68,1
DA:69,0
DA:70,0
DA:71,0
DA:72,0
DA:73,0
DA:74,0
DA:75,1
DA:76,1
DA:77,0
DA:78,0
DA:79,0
DA:80,0
DA:81,0
LF:81
LH:51
BRF:0
BRH:0
end_of_record
TN:
SF:db\database.js
FNF:0
FNH:0
DA:1,1
DA:2,1
DA:3,1
DA:4,1
DA:5,1
DA:6,1
DA:7,1
DA:8,1
DA:9,1
LF:9
LH:9
BRF:0
BRH:0
end_of_record
TN:
SF:middleware\auth.js
FN:7,isAuth
FNF:1
FNH:1
FNDA:6,isAuth
DA:1,1
DA:2,1
DA:3,1
DA:4,1
DA:5,1
DA:6,1
DA:7,1
DA:8,6
DA:9,6
DA:10,4
DA:11,4
DA:12,2
DA:13,2
DA:14,2
DA:15,2
DA:16,0
DA:17,0
DA:18,2
DA:19,2
DA:20,0
DA:21,0
DA:22,2
DA:23,2
DA:24,2
DA:25,2
DA:26,2
LF:26
LH:22
BRDA:7,0,0,6
BRDA:9,1,0,5
BRDA:9,2,0,4
BRDA:12,3,0,2
BRDA:14,4,0,2
BRDA:15,5,0,0
BRDA:19,6,0,0
BRF:7
BRH:5
end_of_record
TN:
SF:middleware\validator.js
FN:3,validate
FNF:1
FNH:1
FNDA:25,validate
DA:1,1
DA:2,1
DA:3,1
DA:4,25
DA:5,25
DA:6,20
DA:7,20
DA:8,5
DA:9,5
LF:9
LH:9
BRDA:3,0,0,25
BRDA:5,1,0,24
BRDA:5,2,0,20
BRDA:8,3,0,5
BRF:4
BRH:4
end_of_record
TN:
SF:router\auth.js
FNF:0
FNH:0
DA:1,1
DA:2,1
DA:3,1
DA:4,1
DA:5,1
DA:6,1
DA:7,1
DA:8,1
DA:9,1
DA:10,1
DA:11,1
DA:12,1
DA:13,1
DA:14,1
DA:15,1
DA:16,1
DA:17,1
DA:18,1
DA:19,1
DA:20,1
DA:21,1
DA:22,1
DA:23,1
DA:24,1
DA:25,1
DA:26,1
DA:27,1
DA:28,1
DA:29,1
DA:30,1
DA:31,1
DA:32,1
DA:33,1
DA:34,1
DA:35,1
DA:36,1
DA:37,1
DA:38,1
LF:38
LH:38
BRF:0
BRH:0
end_of_record
TN:
SF:router\tweets.js
FN:21,tweetsRouter
FNF:1
FNH:1
FNDA:1,tweetsRouter
DA:1,1
DA:2,1
DA:3,1
DA:4,1
DA:5,1
DA:6,1
DA:7,1
DA:8,1
DA:9,1
DA:10,1
DA:11,1
DA:12,1
DA:13,1
DA:14,1
DA:15,1
DA:16,1
DA:17,1
DA:18,1
DA:19,1
DA:20,1
DA:21,1
DA:22,1
DA:23,1
DA:24,1
DA:25,1
DA:26,1
DA:27,1
DA:28,1
DA:29,1
DA:30,1
DA:31,1
DA:32,1
DA:33,1
DA:34,1
DA:35,1
DA:36,1
DA:37,1
DA:38,1
DA:39,1
LF:39
LH:39
BRDA:21,0,0,1
BRF:1
BRH:1
end_of_record
